<?xml version="1.0" encoding="UTF-8"?>
<!-- Generated by org.testng.reporters.JUnitReportReporter -->
<testsuite hostname="DRISYA" failures="0" tests="1" name="testscript.ManageNewsTest" time="5.321" errors="0" timestamp="2025-09-09T10:59:50 IST" skipped="0">
  <testcase classname="testscript.ManageNewsTest" name="verifyWhetherTheUserIsAbleToCreateNews" time="5.321"/>
</testsuite> <!-- testscript.ManageNewsTest -->
