<?xml version="1.0" encoding="UTF-8"?>
<!-- Generated by org.testng.reporters.JUnitReportReporter -->
<testsuite hostname="DRISYA" failures="0" tests="1" name="testscript.LoginTest" time="3.802" errors="0" timestamp="2025-08-22T10:26:55 IST" skipped="0">
  <testcase classname="testscript.LoginTest" name="loginWithIncorrectUsernameAndIncorrectPassword" time="3.802"/>
</testsuite> <!-- testscript.LoginTest -->
