<?xml version="1.0" encoding="UTF-8"?>
<!-- Generated by org.testng.reporters.JUnitReportReporter -->
<testsuite hostname="DRISYA" failures="0" tests="1" name="testscript.ManageNewsTest" time="6.348" errors="0" timestamp="2025-09-09T00:04:05 IST" skipped="0">
  <testcase classname="testscript.ManageNewsTest" name="verifyWhetherTheUserIsAbleToCreateNews" time="6.348"/>
</testsuite> <!-- testscript.ManageNewsTest -->
