<?xml version="1.0" encoding="UTF-8"?>
<!-- Generated by org.testng.reporters.JUnitReportReporter -->
<testsuite hostname="DRISYA" failures="0" tests="3" name="testscript.HomePageTest" time="227.599" errors="0" timestamp="2025-09-08T14:07:37 IST" skipped="0">
  <testcase classname="testscript.HomePageTest" name="verifyWhetherTheUserIsAbleToLogout" time="9.259"/>
  <testcase classname="testscript.HomePageTest" name="verifyWhetherTheUserIsAbleToLogout" time="4.008"/>
  <testcase classname="testscript.HomePageTest" name="verifyWhetherTheUserIsAbleToLogout" time="214.332"/>
</testsuite> <!-- testscript.HomePageTest -->
