<?xml version="1.0" encoding="UTF-8"?>
<!-- Generated by org.testng.reporters.JUnitReportReporter -->
<testsuite hostname="DRISYA" failures="0" tests="2" name="testscript.HomePageTest" time="105.091" errors="0" timestamp="2025-09-09T10:58:17 IST" skipped="0">
  <testcase classname="testscript.HomePageTest" name="verifyWhetherTheUserIsAbleToLogout" time="4.055"/>
  <testcase classname="testscript.HomePageTest" name="verifyWhetherTheUserIsAbleToLogout" time="101.036"/>
</testsuite> <!-- testscript.HomePageTest -->
