<?xml version="1.0" encoding="UTF-8"?>
<!-- Generated by org.testng.reporters.JUnitReportReporter -->
<testsuite hostname="DRISYA" failures="0" tests="1" name="testscript.HomePageTest" time="4.038" errors="0" timestamp="2025-09-09T00:00:08 IST" skipped="0">
  <testcase classname="testscript.HomePageTest" name="verifyWhetherTheUserIsAbleToLogout" time="4.038"/>
</testsuite> <!-- testscript.HomePageTest -->
