<?xml version="1.0" encoding="UTF-8"?>
<!-- Generated by org.testng.reporters.JUnitReportReporter -->
<testsuite hostname="DRISYA" failures="0" tests="1" name="testscript.AdminUserTest" time="6.269" errors="0" timestamp="2025-09-07T00:05:51 IST" skipped="0">
  <testcase classname="testscript.AdminUserTest" name="verifyWhetherTheUserIsAbleToCreateAdminUserInformation" time="6.269"/>
</testsuite> <!-- testscript.AdminUserTest -->
