<?xml version="1.0" encoding="UTF-8"?>
<!-- Generated by org.testng.reporters.JUnitReportReporter -->
<testsuite hostname="DRISYA" failures="0" tests="1" name="testscript.ManageNewsTest" time="4.706" errors="0" timestamp="2025-08-21T00:30:57 IST" skipped="0">
  <testcase classname="testscript.ManageNewsTest" name="verifyWhetherTheUserIsAbleToCreateNews" time="4.706"/>
</testsuite> <!-- testscript.ManageNewsTest -->
