<?xml version="1.0" encoding="UTF-8"?>
<!-- Generated by org.testng.reporters.JUnitReportReporter -->
<testsuite hostname="DRISYA" failures="0" tests="1" name="testscript.LoginTest" time="3.355" errors="0" timestamp="2025-09-09T10:59:21 IST" skipped="0">
  <testcase classname="testscript.LoginTest" name="loginWithCorrectUsernameAndCorrectPasswords" time="3.355"/>
</testsuite> <!-- testscript.LoginTest -->
