<?xml version="1.0" encoding="UTF-8"?>
<!-- Generated by org.testng.reporters.JUnitReportReporter -->
<testsuite hostname="DRISYA" failures="0" tests="3" name="testscript.HomePageTest" time="165.484" errors="0" timestamp="2025-09-01T23:58:28 IST" skipped="0">
  <testcase classname="testscript.HomePageTest" name="verifyWhetherTheUserIsAbleToLogout" time="4.183"/>
  <testcase classname="testscript.HomePageTest" name="verifyWhetherTheUserIsAbleToLogout" time="151.804"/>
  <testcase classname="testscript.HomePageTest" name="verifyWhetherTheUserIsAbleToLogout" time="9.497"/>
</testsuite> <!-- testscript.HomePageTest -->
