<?xml version="1.0" encoding="UTF-8"?>
<!-- Generated by org.testng.reporters.JUnitReportReporter -->
<testsuite hostname="DRISYA" failures="0" tests="1" name="testscript.ManageCategoryTest" time="6.081" errors="0" timestamp="2025-09-03T23:32:08 IST" skipped="0">
  <testcase classname="testscript.ManageCategoryTest" name="verifyWhetherTheUserIsAbleToDeleteCategory" time="6.081"/>
</testsuite> <!-- testscript.ManageCategoryTest -->
